{ tmpPathinfo =  }
System.String[]
System.String[]-------------------------------
Index:1  ~/form/safachangepassword.aspx
-------------------------------
{ Functions = SendConfirmSMS }
{ Functions = RecoveryAccountPassword }
{ tmpPathinfo =  }
{ tmpIp = ::1 }
{ Functions = SendConfirmSMS }
{ Functions = RecoveryAccountPassword }
{ key = ~/images/footer.png::1 }
{ tmpIp = ::1 }
{ key = ~/images/backgrong-ugp.png::1 }
{ tmpIp = ::1 }
{ key = ~/images/footer.png::1 }
{ key = ~/images/backgrong-ugp.png::1 }
{ tmpClientIp = ::1 }
{ EnableCaptcha = True }

8/1/2023 3:08:01 PM