System.String[]
System.String[]-------------------------------
Index:1  ~/form/safachangepassword.aspx
-------------------------------
{ path = ~/token/js/parskitwebapi.js }
{ tmpPathinfo =  }
{ Functions = SendConfirmSMS }
{ Functions = RecoveryAccountPassword }
{ tmpIp = ::1 }
{ key = ~/token/js/parskitwebapi.js::1 }
{ tmpIp = ::1 }
{ key = ~/token/js/parskitwebapi.js::1 }
{ tmpClientIp = ::1 }
{ EnableCaptcha = True }

8/5/2023 10:30:11 AMSystem.String[]
System.String[]-------------------------------
Index:1  ~/form/safachangepassword.aspx
-------------------------------
{ path = ~/form/safalogin.aspx }
{ tmpPathinfo = GetKey }
{ Functions = SendConfirmSMS }
{ Functions = RecoveryAccountPassword }
{ tmpIp = ::1 }
{ key = ~/form/safalogin.aspx::1 }
{ tmpIp = ::1 }
{ key = ~/form/safalogin.aspx::1GetKey }
{ tmpClientIp = ::1 }
{ EnableCaptcha = True }

8/5/2023 10:30:12 AM