System.String[]
System.String[]-------------------------------
Index:1  ~/form/safachangepassword.aspx
-------------------------------
{ path = ~/form/safalogin.aspx }
{ tmpPathinfo =  }
{ Functions = SendConfirmSMS }
{ Functions = RecoveryAccountPassword }
{ tmpIp = ::1 }
{ key = ~/form/safalogin.aspx::1 }
{ tmpIp = ::1 }
{ key = ~/form/safalogin.aspx::1 }
{ tmpClientIp = ::1 }
{ EnableCaptcha = True }

10/4/2023 12:33:22 PM{ tmpIp = ::1 }
{ key = ~/js/busy.js::1 }
System.String[]
System.String[]-------------------------------
Index:1  ~/form/safachangepassword.aspx
-------------------------------
{ path = ~/token/account.js }
{ tmpPathinfo =  }
{ tmpIp = ::1 }
{ key = ~/js/busy.js::1 }
{ tmpIp = ::1 }
{ key = ~/token/account.js::1 }
{ tmpIp = ::1 }
{ key = ~/token/account.js::1 }
{ tmpClientIp = ::1 }
{ EnableCaptcha = True }

10/28/2023 10:14:38 AM