System.String[]
System.String[]-------------------------------
Index:1  ~/form/safachangepassword.aspx
-------------------------------
{ path = ~/images/showpassoff.png }
{ tmpPathinfo =  }
{ Functions = SendConfirmSMS }
{ Functions = RecoveryAccountPassword }
{ tmpIp = ::1 }
{ key = ~/images/showpassoff.png::1 }
{ tmpIp = ::1 }
{ key = ~/images/showpassoff.png::1 }
{ tmpClientIp = ::1 }
{ EnableCaptcha = True }

8/1/2023 3:02:59 PMSystem.String[]
System.String[]-------------------------------
Index:1  ~/form/safachangepassword.aspx
-------------------------------
{ path = ~/token/safasecurity.min.js }
{ tmpPathinfo =  }
{ Functions = SendConfirmSMS }
{ Functions = RecoveryAccountPassword }
{ tmpIp = ::1 }
{ key = ~/token/safasecurity.min.js::1 }
{ tmpIp = ::1 }
{ key = ~/token/safasecurity.min.js::1 }
{ tmpClientIp = ::1 }
{ EnableCaptcha = True }

8/28/2023 12:47:54 PM