System.String[]
System.String[]-------------------------------
Index:1  ~/form/safachangepassword.aspx
-------------------------------
{ path = ~/images/backgrong-ugp.png }
{ tmpPathinfo =  }
{ Functions = SendConfirmSMS }
{ Functions = RecoveryAccountPassword }
{ tmpIp = ::1 }
{ key = ~/images/backgrong-ugp.png::1 }
{ tmpIp = ::1 }
{ key = ~/images/backgrong-ugp.png::1 }
{ tmpClientIp = ::1 }
{ EnableCaptcha = True }

8/28/2023 1:51:29 PMSystem.String[]
System.String[]-------------------------------
Index:1  ~/form/safachangepassword.aspx
-------------------------------
{ path = ~/form/safalogin.aspx }
{ tmpPathinfo =  }
{ Functions = SendConfirmSMS }
{ Functions = RecoveryAccountPassword }
{ tmpIp = ::1 }
{ key = ~/form/safalogin.aspx::1 }
{ tmpIp = ::1 }
{ key = ~/form/safalogin.aspx::1 }
{ tmpClientIp = ::1 }
{ EnableCaptcha = True }

10/4/2023 11:52:35 AM