System.String[]
System.String[]-------------------------------
Index:1  ~/form/safachangepassword.aspx
-------------------------------
{ path = ~/form/safalogin.aspx }
{ tmpPathinfo = GetKey }
{ Functions = SendConfirmSMS }
{ Functions = RecoveryAccountPassword }
{ tmpIp = ::1 }
{ key = ~/form/safalogin.aspx::1 }
{ tmpIp = ::1 }
{ key = ~/form/safalogin.aspx::1GetKey }
{ tmpClientIp = ::1 }
{ EnableCaptcha = True }

8/1/2023 3:02:59 PMSystem.String[]
System.String[]-------------------------------
Index:1  ~/form/safachangepassword.aspx
-------------------------------
{ path = ~/token/loginsec.js }
{ tmpPathinfo =  }
{ Functions = SendConfirmSMS }
{ Functions = RecoveryAccountPassword }
{ tmpIp = ::1 }
{ key = ~/token/loginsec.js::1 }
{ tmpIp = ::1 }
{ key = ~/token/loginsec.js::1 }
{ tmpClientIp = ::1 }
{ EnableCaptcha = True }

8/28/2023 12:47:54 PM