System.String[]
System.String[]-------------------------------
Index:1  ~/form/safachangepassword.aspx
-------------------------------
{ path = ~/form/js/bootstrap.min.js }
{ tmpPathinfo =  }
{ Functions = SendConfirmSMS }
{ Functions = RecoveryAccountPassword }
{ tmpIp = ::1 }
{ key = ~/form/js/bootstrap.min.js::1 }
{ tmpIp = ::1 }
{ key = ~/form/js/bootstrap.min.js::1 }
{ tmpClientIp = ::1 }
{ EnableCaptcha = True }

8/28/2023 12:55:00 PMSystem.String[]
System.String[]-------------------------------
Index:1  ~/form/safachangepassword.aspx
-------------------------------
{ path = ~/js/jquery.min.js }
{ tmpPathinfo =  }
{ Functions = SendConfirmSMS }
{ Functions = RecoveryAccountPassword }
{ tmpIp = ::1 }
{ key = ~/js/jquery.min.js::1 }
{ tmpIp = ::1 }
{ key = ~/js/jquery.min.js::1 }
{ tmpClientIp = ::1 }
{ EnableCaptcha = True }

8/28/2023 1:49:03 PM