System.String[]
System.String[]-------------------------------
Index:1  ~/form/safachangepassword.aspx
-------------------------------
System.String[]
System.String[]-------------------------------
Index:1  ~/form/safachangepassword.aspx
-------------------------------
{ path = ~/js/jquery.min.js }
{ tmpPathinfo =  }
{ Functions = SendConfirmSMS }
{ Functions = RecoveryAccountPassword }
{ tmpIp = ::1 }
{ key = ~/form/css/bootstrap.min.css::1 }
{ tmpIp = ::1 }
{ key = ~/form/css/bootstrap.min.css::1 }
{ key = ~/js/jquery.min.js::1 }
{ tmpClientIp = ::1 }
{ tmpClientIp = ::1 }
{ EnableCaptcha = True }

1/22/2024 2:27:39 PM