System.String[]
System.String[]-------------------------------
Index:1  ~/form/safachangepassword.aspx
-------------------------------
{ path = ~/form/fonts/byekan.woff }
{ tmpPathinfo =  }
{ Functions = SendConfirmSMS }
{ Functions = RecoveryAccountPassword }
{ tmpIp = ::1 }
{ key = ~/form/fonts/byekan.woff::1 }
{ tmpIp = ::1 }
{ key = ~/form/fonts/byekan.woff::1 }
{ tmpClientIp = ::1 }
{ EnableCaptcha = True }

10/28/2023 10:14:38 AMSystem.String[]
System.String[]-------------------------------
Index:1  ~/form/safachangepassword.aspx
-------------------------------
{ path = ~/form/images/showpassoff.png }
{ tmpPathinfo =  }
{ Functions = SendConfirmSMS }
{ Functions = RecoveryAccountPassword }
{ tmpIp = ::1 }
{ key = ~/form/images/showpassoff.png::1 }
{ tmpIp = ::1 }
{ key = ~/form/images/showpassoff.png::1 }
{ tmpClientIp = ::1 }
{ EnableCaptcha = True }

10/28/2023 11:45:29 AMSystem.String[]
System.String[]-------------------------------
Index:1  ~/form/safachangepassword.aspx
-------------------------------
{ path = ~/form/safalogin.aspx }
{ tmpPathinfo = GetKey }
{ Functions = SendConfirmSMS }
{ Functions = RecoveryAccountPassword }
{ tmpIp = ::1 }
{ key = ~/form/safalogin.aspx::1 }
{ tmpIp = ::1 }
{ key = ~/form/safalogin.aspx::1GetKey }
{ tmpClientIp = ::1 }
{ EnableCaptcha = True }

10/29/2023 9:58:12 AMSystem.String[]
System.String[]-------------------------------
Index:1  ~/form/safachangepassword.aspx
-------------------------------
{ path = ~/form/safalogin.aspx }
{ tmpPathinfo =  }
{ Functions = SendConfirmSMS }
{ Functions = RecoveryAccountPassword }
{ tmpIp = ::1 }
{ key = ~/form/safalogin.aspx::1 }
{ tmpIp = ::1 }
{ key = ~/form/safalogin.aspx::1 }
{ tmpClientIp = ::1 }
{ EnableCaptcha = True }

10/30/2023 1:36:20 PM