System.String[]
System.String[]-------------------------------
Index:1  ~/form/safachangepassword.aspx
-------------------------------
System.String[]
System.String[]-------------------------------
Index:1  ~/form/safachangepassword.aspx
-------------------------------
{ path = ~/form/css/bootstrap.rtl.min.css }
{ tmpPathinfo =  }
{ tmpPathinfo =  }
{ Functions = SendConfirmSMS }
{ Functions = RecoveryAccountPassword }
{ tmpIp = ::1 }
{ key = ~/form/js/angular.min.js::1 }
{ tmpIp = ::1 }
{ key = ~/form/js/angular.min.js::1 }
{ tmpClientIp = ::1 }
{ EnableCaptcha = True }
{ tmpIp = ::1 }
{ key = ~/form/css/bootstrap.rtl.min.css::1 }
{ tmpClientIp = ::1 }
{ EnableCaptcha = True }

8/28/2023 12:50:03 PM