System.String[]
System.String[]-------------------------------
Index:1  ~/form/safachangepassword.aspx
-------------------------------
{ path = ~/config/appconfig.xml }
{ tmpPathinfo =  }
{ Functions = SendConfirmSMS }
{ Functions = RecoveryAccountPassword }
{ tmpIp = ::1 }
{ key = ~/config/appconfig.xml::1 }
{ tmpIp = ::1 }
{ key = ~/config/appconfig.xml::1 }
{ tmpClientIp = ::1 }
{ EnableCaptcha = True }
System.String[]
System.String[]-------------------------------
Index:1  ~/form/safachangepassword.aspx
-------------------------------
{ path = ~/images/userloginicon.png }
{ tmpPathinfo =  }
{ Functions = SendConfirmSMS }
{ Functions = RecoveryAccountPassword }
{ tmpIp = ::1 }
{ key = ~/images/userloginicon.png::1 }
{ tmpIp = ::1 }
{ key = ~/images/userloginicon.png::1 }
{ tmpClientIp = ::1 }
{ EnableCaptcha = True }

8/1/2023 3:20:51 PMSystem.String[]
System.String[]-------------------------------
Index:1  ~/form/safachangepassword.aspx
-------------------------------
{ path = ~/token/appconfig.js }
{ tmpPathinfo =  }
{ Functions = SendConfirmSMS }
{ Functions = RecoveryAccountPassword }
{ tmpIp = ::1 }
{ key = ~/token/appconfig.js::1 }
{ tmpIp = ::1 }
{ key = ~/token/appconfig.js::1 }
{ tmpClientIp = ::1 }
{ EnableCaptcha = True }

8/1/2023 3:39:42 PM