System.String[]
System.String[]-------------------------------
Index:1  ~/form/safachangepassword.aspx
-------------------------------
{ path = ~/form/images/showpassoff.png }
{ tmpPathinfo =  }
{ Functions = SendConfirmSMS }
{ Functions = RecoveryAccountPassword }
{ tmpIp = ::1 }
{ key = ~/form/images/showpassoff.png::1 }
{ tmpIp = ::1 }
{ key = ~/form/images/showpassoff.png::1 }
{ tmpClientIp = ::1 }
{ EnableCaptcha = True }

8/28/2023 1:51:29 PMSystem.String[]
System.String[]-------------------------------
Index:1  ~/form/safachangepassword.aspx
-------------------------------
{ path = ~/token/account.js }
{ tmpPathinfo =  }
{ Functions = SendConfirmSMS }
{ Functions = RecoveryAccountPassword }
{ tmpIp = ::1 }
{ key = ~/token/account.js::1 }
{ tmpIp = ::1 }
{ key = ~/token/account.js::1 }
{ tmpClientIp = ::1 }
{ EnableCaptcha = True }

10/4/2023 11:52:37 AM