System.String[]
System.String[]-------------------------------
Index:1  ~/form/safachangepassword.aspx
-------------------------------
{ path = ~/token/js/parskitwebapi.js }
{ tmpPathinfo =  }
{ Functions = SendConfirmSMS }
{ Functions = RecoveryAccountPassword }
{ tmpIp = ::1 }
{ key = ~/token/js/parskitwebapi.js::1 }
{ tmpIp = ::1 }
{ key = ~/token/js/parskitwebapi.js::1 }
{ tmpClientIp = ::1 }
{ EnableCaptcha = True }

8/1/2023 3:02:59 PMSystem.String[]
System.String[]-------------------------------
Index:1  ~/form/safachangepassword.aspx
-------------------------------
{ path = ~/form/inquirynationalcode.html }
{ tmpPathinfo =  }
{ Functions = SendConfirmSMS }
{ Functions = RecoveryAccountPassword }
{ tmpIp = ::1 }
{ key = ~/form/inquirynationalcode.html::1 }
{ tmpIp = ::1 }
{ key = ~/form/inquirynationalcode.html::1 }
{ tmpClientIp = ::1 }
{ EnableCaptcha = True }

8/28/2023 12:47:55 PM