System.String[]
System.String[]-------------------------------
Index:1  ~/form/safachangepassword.aspx
-------------------------------
{ path = ~/form/js/busy.js }
{ tmpPathinfo =  }
{ Functions = SendConfirmSMS }
{ Functions = RecoveryAccountPassword }
{ tmpIp = ::1 }
{ key = ~/form/js/busy.js::1 }
{ tmpIp = ::1 }
{ key = ~/form/js/busy.js::1 }
{ tmpClientIp = ::1 }
{ EnableCaptcha = True }

8/28/2023 1:50:22 PMSystem.String[]
System.String[]-------------------------------
Index:1  ~/form/safachangepassword.aspx
-------------------------------
{ path = ~/form/image/esup-logo.png }
{ tmpPathinfo =  }
{ Functions = SendConfirmSMS }
{ Functions = RecoveryAccountPassword }
{ tmpIp = ::1 }
{ key = ~/form/image/esup-logo.png::1 }
{ tmpIp = ::1 }
{ key = ~/form/image/esup-logo.png::1 }
{ tmpClientIp = ::1 }
{ EnableCaptcha = True }

8/28/2023 1:51:31 PM