System.String[]
System.String[]-------------------------------
Index:1  ~/form/safachangepassword.aspx
-------------------------------
System.String[]
System.String[]-------------------------------
Index:1  ~/form/safachangepassword.aspx
-------------------------------
{ path = ~/token/js/logine.js }
{ Functions = SendConfirmSMS }
{ Functions = RecoveryAccountPassword }
{ Functions = SendConfirmSMS }
{ Functions = RecoveryAccountPassword }
{ tmpIp = ::1 }
{ tmpIp = ::1 }
{ tmpIp = ::1 }
{ key = ~/token/js/logine.js::1 }
{ key = ~/token/obj.js::1 }
{ tmpIp = ::1 }
{ tmpIp = ::1 }
{ tmpIp = ::1 }
{ key = ~/token/obj.js::1 }
{ key = ~/token/js/logine.js::1 }
{ tmpClientIp = ::1 }
{ tmpClientIp = ::1 }
{ EnableCaptcha = True }

8/1/2023 3:20:56 PMSystem.String[]
System.String[]-------------------------------
Index:1  ~/form/safachangepassword.aspx
-------------------------------
{ path = ~/js/jquery.min.js }
{ tmpPathinfo =  }
{ Functions = SendConfirmSMS }
{ Functions = RecoveryAccountPassword }
{ tmpIp = ::1 }
{ key = ~/js/jquery.min.js::1 }
{ tmpIp = ::1 }
{ key = ~/js/jquery.min.js::1 }
{ tmpClientIp = ::1 }
{ EnableCaptcha = True }

8/1/2023 4:02:27 PM