System.String[]
System.String[]-------------------------------
Index:1  ~/form/safachangepassword.aspx
-------------------------------
{ path = ~/form/createaccount.aspx }
{ tmpPathinfo =  }
{ Functions = SendConfirmSMS }
{ Functions = RecoveryAccountPassword }
{ tmpIp = ::1 }
{ key = ~/form/createaccount.aspx::1 }
{ tmpIp = ::1 }
{ key = ~/form/createaccount.aspx::1 }
{ tmpClientIp = ::1 }
{ EnableCaptcha = True }

8/28/2023 1:50:21 PMSystem.String[]
System.String[]-------------------------------
Index:1  ~/form/safachangepassword.aspx
-------------------------------
{ path = ~/images/showpass.png }
{ tmpPathinfo =  }
{ Functions = SendConfirmSMS }
{ Functions = RecoveryAccountPassword }
{ tmpIp = ::1 }
{ key = ~/images/showpass.png::1 }
{ tmpIp = ::1 }
{ key = ~/images/showpass.png::1 }
{ tmpClientIp = ::1 }
{ EnableCaptcha = True }

8/28/2023 1:50:30 PM