System.String[]
System.String[]-------------------------------
Index:1  ~/form/safachangepassword.aspx
-------------------------------
{ path = ~/form/safalogin.aspx }
{ tmpPathinfo = GetKey }
{ Functions = SendConfirmSMS }
{ Functions = RecoveryAccountPassword }
{ tmpIp = ::1 }
{ key = ~/form/safalogin.aspx::1 }
{ tmpIp = ::1 }
{ key = ~/form/safalogin.aspx::1GetKey }
{ tmpClientIp = ::1 }
{ EnableCaptcha = True }

8/28/2023 12:55:02 PMSystem.String[]
System.String[]-------------------------------
Index:1  ~/form/safachangepassword.aspx
-------------------------------
{ path = ~/form/js/bootstrap.min.js }
{ tmpPathinfo =  }
{ Functions = SendConfirmSMS }
{ Functions = RecoveryAccountPassword }
{ tmpIp = ::1 }
{ key = ~/form/js/bootstrap.min.js::1 }
{ tmpIp = ::1 }
{ key = ~/form/js/bootstrap.min.js::1 }
{ tmpClientIp = ::1 }
{ EnableCaptcha = True }

8/28/2023 1:49:03 PMSystem.String[]
System.String[]-------------------------------
Index:1  ~/form/safachangepassword.aspx
-------------------------------
{ path = ~/form/css/style1.css }
{ tmpPathinfo =  }
{ Functions = SendConfirmSMS }
{ Functions = RecoveryAccountPassword }
{ tmpIp = ::1 }
{ key = ~/form/css/style1.css::1 }
{ tmpIp = ::1 }
{ key = ~/form/css/style1.css::1 }
{ tmpClientIp = ::1 }
{ EnableCaptcha = True }

8/28/2023 1:50:00 PM