System.String[]
System.String[]-------------------------------
Index:1  ~/form/safachangepassword.aspx
-------------------------------
{ path = ~/images/userloginicon.png }
{ tmpPathinfo =  }
{ Functions = SendConfirmSMS }
{ Functions = RecoveryAccountPassword }
{ tmpIp = ::1 }
{ key = ~/images/userloginicon.png::1 }
{ tmpIp = ::1 }
{ key = ~/images/userloginicon.png::1 }
{ tmpClientIp = ::1 }
{ EnableCaptcha = True }

8/1/2023 4:33:16 PMSystem.String[]
System.String[]-------------------------------
Index:1  ~/form/safachangepassword.aspx
-------------------------------
{ path = ~/js/busy.js }
System.String[]
System.String[]-------------------------------
Index:1  ~/form/safachangepassword.aspx
-------------------------------
{ tmpPathinfo =  }
{ tmpPathinfo =  }
{ Functions = SendConfirmSMS }
{ Functions = SendConfirmSMS }
{ Functions = RecoveryAccountPassword }
{ tmpIp = ::1 }
{ tmpIp = ::1 }
{ key = ~/token/js/parskitwebapi.js::1 }
{ key = ~/js/busy.js::1 }
{ tmpIp = ::1 }
{ key = ~/token/js/parskitwebapi.js::1 }
{ tmpClientIp = ::1 }
{ EnableCaptcha = True }
{ EnableCaptcha = True }

8/1/2023 4:33:22 PM