System.String[]
System.String[]-------------------------------
Index:1  ~/form/safachangepassword.aspx
-------------------------------
{ path = ~/token/js/logine.js }
{ tmpPathinfo =  }
{ Functions = SendConfirmSMS }
{ Functions = RecoveryAccountPassword }
{ tmpIp = ::1 }
{ key = ~/token/js/logine.js::1 }
{ tmpIp = ::1 }
{ key = ~/token/js/logine.js::1 }
{ tmpClientIp = ::1 }
{ EnableCaptcha = True }

8/1/2023 3:20:51 PMSystem.String[]
System.String[]-------------------------------
Index:1  ~/form/safachangepassword.aspx
-------------------------------
{ path = ~/images/footer.png }
{ tmpPathinfo =  }
{ Functions = SendConfirmSMS }
{ Functions = RecoveryAccountPassword }
{ tmpIp = ::1 }
{ key = ~/images/footer.png::1 }
{ tmpIp = ::1 }
{ key = ~/images/footer.png::1 }
{ tmpClientIp = ::1 }
{ EnableCaptcha = True }

8/1/2023 3:39:37 PM