System.String[]
System.String[]-------------------------------
Index:1  ~/form/safachangepassword.aspx
-------------------------------
{ path = ~/form/css/style1.css }
{ tmpPathinfo =  }
{ Functions = SendConfirmSMS }
{ Functions = RecoveryAccountPassword }
{ tmpIp = ::1 }
{ key = ~/form/css/style1.css::1 }
{ tmpIp = ::1 }
{ key = ~/form/css/style1.css::1 }
{ tmpClientIp = ::1 }
{ EnableCaptcha = True }

8/28/2023 12:54:59 PMSystem.String[]
System.String[]-------------------------------
Index:1  ~/form/safachangepassword.aspx
-------------------------------
{ path = ~/token/obj.js }
{ tmpPathinfo =  }
{ Functions = SendConfirmSMS }
{ Functions = RecoveryAccountPassword }
{ tmpIp = ::1 }
{ key = ~/token/obj.js::1 }
{ tmpIp = ::1 }
{ key = ~/token/obj.js::1 }
{ tmpClientIp = ::1 }
{ EnableCaptcha = True }

8/28/2023 1:49:02 PM