System.String[]
System.String[]-------------------------------
Index:1  ~/form/safachangepassword.aspx
-------------------------------
System.String[]
System.String[]-------------------------------
Index:1  ~/form/safachangepassword.aspx
-------------------------------
{ path = ~/token/account.js }
{ tmpPathinfo =  }
{ Functions = SendConfirmSMS }
{ Functions = RecoveryAccountPassword }
{ tmpIp = ::1 }
{ key = ~/token/obj.js::1 }
{ tmpIp = ::1 }
{ key = ~/token/account.js::1 }
{ tmpIp = ::1 }
{ key = ~/token/obj.js::1 }
{ tmpClientIp = ::1 }
{ EnableCaptcha = True }

1/21/2024 4:38:57 PM