System.String[]
System.String[]-------------------------------
Index:1  ~/form/safachangepassword.aspx
-------------------------------
{ path = ~/form/js/bootstrap.min.js }
System.String[]
System.String[]-------------------------------
Index:1  ~/form/safachangepassword.aspx
-------------------------------
{ path = ~/token/appconfig.js }
{ tmpPathinfo =  }
{ Functions = SendConfirmSMS }
{ Functions = RecoveryAccountPassword }
{ Functions = SendConfirmSMS }
{ Functions = RecoveryAccountPassword }
{ tmpIp = ::1 }
{ key = ~/token/appconfig.js::1 }
{ key = ~/form/js/bootstrap.min.js::1 }
{ tmpIp = ::1 }
{ key = ~/form/js/bootstrap.min.js::1 }
{ tmpClientIp = ::1 }
{ EnableCaptcha = True }

1/21/2024 2:37:07 PM