System.String[]
System.String[]-------------------------------
Index:1  ~/form/safachangepassword.aspx
-------------------------------
{ path = ~/form/image/ajax-loader.gif }
{ tmpPathinfo =  }
{ Functions = SendConfirmSMS }
{ Functions = RecoveryAccountPassword }
{ tmpIp = ::1 }
{ key = ~/form/image/ajax-loader.gif::1 }
{ tmpIp = ::1 }
{ key = ~/form/image/ajax-loader.gif::1 }
{ tmpClientIp = ::1 }
{ EnableCaptcha = True }

8/28/2023 1:51:38 PMSystem.String[]
System.String[]-------------------------------
Index:1  ~/form/safachangepassword.aspx
-------------------------------
{ path = ~/form/css/bootstrap.min.css }
{ tmpPathinfo =  }
{ Functions = SendConfirmSMS }
{ Functions = RecoveryAccountPassword }
{ tmpIp = ::1 }
{ key = ~/form/css/bootstrap.min.css::1 }
{ tmpIp = ::1 }
{ key = ~/form/css/bootstrap.min.css::1 }
{ tmpClientIp = ::1 }
{ EnableCaptcha = True }

10/4/2023 11:52:37 AM