System.String[]
System.String[]-------------------------------
Index:1  ~/form/safachangepassword.aspx
-------------------------------
{ path = ~/form/createaccount.aspx }
{ tmpPathinfo = GetAccountInfo }
{ Functions = SendConfirmSMS }
{ Functions = RecoveryAccountPassword }
{ tmpIp = ::1 }
{ key = ~/form/createaccount.aspx::1 }
{ tmpIp = ::1 }
{ key = ~/form/createaccount.aspx::1GetAccountInfo }
{ tmpClientIp = ::1 }
ASP.NET_SessionId: dfswoptymtplxikewfe2cxrl
System.Web.HttpCookie
System.Web.HttpCookie-------------------------------
Domain :  : String
Ex:Parameter count mismatch.
Name : ASP.NET_SId : String
Path : / : String
Value : zqRndUtn7T96XO4w9KJT7ePoHSwu1PbYAg+F97bYb3SrQqN6et6Z+sVz58YFVjcX : String
-------------------------------
ASP.NET_SId:zqRndUtn7T96XO4w9KJT7ePoHSwu1PbYAg+F97bYb3SrQqN6et6Z+sVz58YFVjcX
{ tmpC = dfswoptymtplxikewfe2cxrl#Chrome#::1# }
{ tmpCo = dfswoptymtplxikewfe2cxrl }
{ tmpB = Chrome }
{ tmpR = ::1 }
{ tmpS =  }
{ EnableCaptcha = True }

8/28/2023 12:47:45 PM