System.String[]
System.String[]-------------------------------
Index:1  ~/form/safachangepassword.aspx
-------------------------------
{ path = ~/images/ajax-loading.gif }
{ tmpPathinfo =  }
{ Functions = SendConfirmSMS }
{ Functions = RecoveryAccountPassword }
{ tmpIp = ::1 }
{ key = ~/images/ajax-loading.gif::1 }
{ tmpIp = ::1 }
{ key = ~/images/ajax-loading.gif::1 }
{ tmpClientIp = ::1 }
{ EnableCaptcha = True }

8/1/2023 3:02:58 PMSystem.String[]
System.String[]-------------------------------
Index:1  ~/form/safachangepassword.aspx
-------------------------------
{ path = ~/form/fonts/byekan.ttf }
{ tmpPathinfo =  }
{ Functions = SendConfirmSMS }
{ Functions = RecoveryAccountPassword }
{ tmpIp = ::1 }
{ key = ~/form/fonts/byekan.ttf::1 }
{ tmpIp = ::1 }
{ key = ~/form/fonts/byekan.ttf::1 }
{ tmpClientIp = ::1 }
{ EnableCaptcha = True }

8/28/2023 12:47:55 PM