System.String[]
System.String[]-------------------------------
Index:1  ~/form/safachangepassword.aspx
-------------------------------
{ path = ~/token/js/logine.js }
{ tmpPathinfo =  }
{ Functions = SendConfirmSMS }
{ Functions = RecoveryAccountPassword }
{ tmpIp = ::1 }
{ key = ~/token/js/logine.js::1 }
{ tmpIp = ::1 }
{ key = ~/token/js/logine.js::1 }
{ tmpClientIp = ::1 }
{ EnableCaptcha = True }

8/28/2023 12:16:47 PMSystem.String[]
System.String[]-------------------------------
Index:1  ~/form/safachangepassword.aspx
-------------------------------
{ path = ~/images/ajax-loading.gif }
{ tmpPathinfo =  }
{ Functions = SendConfirmSMS }
{ Functions = RecoveryAccountPassword }
{ tmpIp = ::1 }
{ key = ~/images/ajax-loading.gif::1 }
{ tmpIp = ::1 }
{ key = ~/images/ajax-loading.gif::1 }
{ tmpClientIp = ::1 }
{ EnableCaptcha = True }

8/28/2023 12:16:49 PM