System.String[]
System.String[]-------------------------------
Index:1  ~/form/safachangepassword.aspx
-------------------------------
{ path = ~/token/obj.js }
{ tmpPathinfo =  }
{ Functions = SendConfirmSMS }
{ Functions = RecoveryAccountPassword }
{ tmpIp = ::1 }
{ key = ~/token/obj.js::1 }
{ tmpIp = ::1 }
{ key = ~/token/obj.js::1 }
{ tmpClientIp = ::1 }
{ EnableCaptcha = True }

8/1/2023 4:33:22 PMSystem.String[]
System.String[]-------------------------------
Index:1  ~/form/safachangepassword.aspx
-------------------------------
{ path = ~/form/images/showpassoff.png }
{ tmpPathinfo =  }
{ Functions = SendConfirmSMS }
{ Functions = RecoveryAccountPassword }
{ tmpIp = ::1 }
{ key = ~/form/images/showpassoff.png::1 }
{ tmpIp = ::1 }
{ key = ~/form/images/showpassoff.png::1 }
{ tmpClientIp = ::1 }
{ EnableCaptcha = True }

8/1/2023 4:33:22 PM