System.String[]
System.String[]-------------------------------
Index:1  ~/form/safachangepassword.aspx
-------------------------------
{ path = ~/images/footer.png }
{ tmpPathinfo =  }
{ Functions = SendConfirmSMS }
{ Functions = RecoveryAccountPassword }
{ tmpIp = ::1 }
{ key = ~/images/footer.png::1 }
{ tmpIp = ::1 }
{ key = ~/images/footer.png::1 }
{ tmpClientIp = ::1 }
{ EnableCaptcha = True }

10/4/2023 11:52:37 AMSystem.String[]
System.String[]-------------------------------
Index:1  ~/form/safachangepassword.aspx
-------------------------------
{ path = ~/js/busy.js }
{ tmpPathinfo =  }
{ Functions = SendConfirmSMS }
{ Functions = RecoveryAccountPassword }
{ tmpIp = ::1 }
{ key = ~/js/busy.js::1 }
{ tmpIp = ::1 }
{ key = ~/js/busy.js::1 }
{ tmpClientIp = ::1 }
{ EnableCaptcha = True }

10/4/2023 12:33:15 PM