System.String[]
System.String[]-------------------------------
Index:1  ~/form/safachangepassword.aspx
-------------------------------
System.String[]
System.String[]-------------------------------
Index:1  ~/form/safachangepassword.aspx
-------------------------------
{ path = ~/form/js/main.js }
{ tmpPathinfo =  }
{ Functions = SendConfirmSMS }
{ Functions = RecoveryAccountPassword }
{ tmpIp = ::1 }
{ key = ~/form/js/busy.js::1 }
{ tmpIp = ::1 }
{ tmpIp = ::1 }
{ key = ~/form/js/busy.js::1 }
{ key = ~/form/js/main.js::1 }
{ tmpClientIp = ::1 }
{ EnableCaptcha = True }

1/24/2024 10:46:36 AM