System.String[]
System.String[]-------------------------------
Index:1  ~/form/safachangepassword.aspx
-------------------------------
{ path = ~/form/css/bootstrap.min.css }
{ tmpPathinfo =  }
{ Functions = SendConfirmSMS }
{ Functions = RecoveryAccountPassword }
{ tmpIp = ::1 }
{ key = ~/form/css/bootstrap.min.css::1 }
{ tmpIp = ::1 }
{ key = ~/form/css/bootstrap.min.css::1 }
{ tmpClientIp = ::1 }
{ EnableCaptcha = True }

8/1/2023 3:19:58 PMSystem.String[]
System.String[]-------------------------------
Index:1  ~/form/safachangepassword.aspx
-------------------------------
{ path = ~/js/jquery.min.js }
{ tmpPathinfo =  }
{ Functions = SendConfirmSMS }
{ Functions = RecoveryAccountPassword }
{ tmpIp = ::1 }
{ key = ~/js/jquery.min.js::1 }
{ tmpIp = ::1 }
{ key = ~/js/jquery.min.js::1 }
{ tmpClientIp = ::1 }
{ EnableCaptcha = True }

8/1/2023 3:20:56 PM