System.String[]
System.String[]-------------------------------
Index:1  ~/form/safachangepassword.aspx
-------------------------------
{ path = ~/config/appconfig.xml }
{ tmpPathinfo =  }
{ Functions = SendConfirmSMS }
{ Functions = RecoveryAccountPassword }
{ tmpIp = ::1 }
{ key = ~/config/appconfig.xml::1 }
{ tmpIp = ::1 }
{ key = ~/config/appconfig.xml::1 }
{ tmpClientIp = ::1 }
{ EnableCaptcha = True }

8/1/2023 3:02:59 PMSystem.String[]
System.String[]-------------------------------
Index:1  ~/form/safachangepassword.aspx
-------------------------------
{ path = ~/form/createaccount.aspx }
{ tmpPathinfo = CreateNewAccount }
{ Functions = SendConfirmSMS }
{ Functions = RecoveryAccountPassword }
{ tmpIp = ::1 }
{ key = ~/form/createaccount.aspx::1 }
{ tmpIp = ::1 }
{ key = ~/form/createaccount.aspx::1CreateNewAccount }
{ tmpClientIp = ::1 }
{ EnableCaptcha = True }

8/28/2023 12:48:03 PM