System.String[]
System.String[]-------------------------------
Index:1  ~/form/safachangepassword.aspx
-------------------------------
{ path = ~/form/js/passwordcheck.js }
{ tmpPathinfo =  }
{ Functions = SendConfirmSMS }
{ Functions = RecoveryAccountPassword }
{ tmpIp = ::1 }
{ key = ~/form/js/passwordcheck.js::1 }
{ tmpIp = ::1 }
{ key = ~/form/js/passwordcheck.js::1 }
{ tmpClientIp = ::1 }
{ EnableCaptcha = True }

8/28/2023 12:50:03 PMSystem.String[]
System.String[]-------------------------------
Index:1  ~/form/safachangepassword.aspx
-------------------------------
{ path = ~/form/fonts/byekan.ttf }
{ tmpPathinfo =  }
{ Functions = SendConfirmSMS }
{ Functions = RecoveryAccountPassword }
{ tmpIp = ::1 }
{ key = ~/form/fonts/byekan.ttf::1 }
{ tmpIp = ::1 }
{ key = ~/form/fonts/byekan.ttf::1 }
{ tmpClientIp = ::1 }
{ EnableCaptcha = True }

8/28/2023 12:50:03 PM