System.String[]
System.String[]-------------------------------
Index:1  ~/form/safachangepassword.aspx
-------------------------------
{ path = ~/config/appconfig.xml }
{ tmpPathinfo =  }
{ Functions = SendConfirmSMS }
{ Functions = RecoveryAccountPassword }
{ tmpIp = ::1 }
{ key = ~/config/appconfig.xml::1 }
{ tmpIp = ::1 }
{ key = ~/config/appconfig.xml::1 }
{ tmpClientIp = ::1 }
{ EnableCaptcha = True }

8/28/2023 1:49:04 PMSystem.String[]
System.String[]-------------------------------
Index:1  ~/form/safachangepassword.aspx
-------------------------------
{ path = ~/js/busy.js }
{ tmpPathinfo =  }
{ Functions = SendConfirmSMS }
{ Functions = RecoveryAccountPassword }
{ tmpIp = ::1 }
{ key = ~/js/busy.js::1 }
{ tmpIp = ::1 }
{ key = ~/js/busy.js::1 }
{ tmpClientIp = ::1 }
{ EnableCaptcha = True }

8/28/2023 1:50:00 PM