System.String[]
System.String[]-------------------------------
Index:1  ~/form/safachangepassword.aspx
-------------------------------
{ path = ~/form/images/showpassoff.png }
{ tmpPathinfo =  }
{ Functions = SendConfirmSMS }
{ Functions = RecoveryAccountPassword }
{ tmpIp = ::1 }
{ key = ~/form/images/showpassoff.png::1 }
{ tmpIp = ::1 }
{ key = ~/form/images/showpassoff.png::1 }
{ tmpClientIp = ::1 }
{ EnableCaptcha = True }

8/1/2023 4:06:48 PMSystem.String[]
System.String[]-------------------------------
Index:1  ~/form/safachangepassword.aspx
-------------------------------
{ path = ~/form/fonts/byekan.woff }
{ tmpPathinfo =  }
{ Functions = SendConfirmSMS }
{ Functions = RecoveryAccountPassword }
{ tmpIp = ::1 }
{ key = ~/form/fonts/byekan.woff::1 }
{ tmpIp = ::1 }
{ key = ~/form/fonts/byekan.woff::1 }
{ tmpClientIp = ::1 }
{ EnableCaptcha = True }

8/1/2023 4:06:48 PM