{ tmpUserName = m.labbaf }
{ tmpPassword = 1234 }
{ LoginMode =  }
getServiceSecurity
{ AbsoluteUri = http://localhost/Security8.web/Service/SecurityWCF.svc }
Pre LoginAccount
btnLogin_Click ex:The content type text/html; charset=utf-8 of the response message does not match the content type of the binding (text/xml; charset=utf-8). If using a custom encoder, be sure that the IsContentTypeSupported method is implemented properly. The first 1024 bytes of the response were: '<!DOCTYPE html PUBLIC "-//W3C//DTD XHTML 1.0 Strict//EN" "http://www.w3.org/TR/xhtml1/DTD/xhtml1-strict.dtd"> 
<html xmlns="http://www.w3.org/1999/xhtml"> 
<head> 
<title>IIS 10.0 Detailed Error - 500.19 - Internal Server Error</title> 
<style type="text/css"> 
<!-- 
body{margin:0;font-size:.7em;font-family:Verdana,Arial,Helvetica,sans-serif;} 
code{margin:0;color:#006600;font-size:1.1em;font-weight:bold;} 
.config_source code{font-size:.8em;color:#000000;} 
pre{margin:0;font-size:1.4em;word-wrap:break-word;} 
ul,ol{margin:10px 0 10px 5px;} 
ul.first,ol.first{margin-top:5px;} 
fieldset{padding:0 15px 10px 15px;word-break:break-all;} 
.summary-container fieldset{padding-bottom:5px;margin-top:4px;} 
legend.no-expand-all{padding:2px 15px 4px 10px;margin:0 0 0 -12px;} 
legend{color:#333333;;margin:4px 0 8px -12px;_margin-top:0px; 
font-weight:bold;font-size:1em;} 
a:link,a:visited{color:#007EFF;font-weight:bold;} 
a:hover{text-decoration:none;} 
h1{font-size:2.4em;margin:0;color:#FFF;} 
h2{font-size:1.7em;margin:'.
